
================================================================
======== txAdmin starting - 9/14/2021, 7:13:33 PM
================================================================

================================================================
======== txAdmin starting - 9/14/2021, 7:18:38 PM
================================================================
[19:19:08][127.0.0.1][JimmyLispy] Changing global settings via setup stepper and started Deployer.
[19:19:15][127.0.0.1][JimmyLispy] Setting recipe.
[19:21:13][127.0.0.1][JimmyLispy] Running recipe.
[19:30:24][127.0.0.1][JimmyLispy] Configured server.cfg from deployer.
[19:30:24][127.0.0.1][JimmyLispy] Completed and committed server deploy.
[19:39:36][127.0.0.1][JimmyLispy] RESTART SERVER
[19:43:01][127.0.0.1][JimmyLispy] RESTART SERVER
[19:51:35][127.0.0.1][JimmyLispy] RESTART SERVER
[19:55:53][127.0.0.1][JimmyLispy] refresh
[19:55:56][127.0.0.1][JimmyLispy] start mdt
[21:18:38][MONITOR] Restarting server (server hang detected).
[21:49:02][127.0.0.1][JimmyLispy] refresh
[21:49:04][127.0.0.1][JimmyLispy] restart chat
[21:50:21][127.0.0.1][JimmyLispy] restart chat
[22:14:26][127.0.0.1][JimmyLispy] restart qb-pdcustoms
[22:19:29][127.0.0.1][JimmyLispy] restart qb-pdcustoms
[22:22:22][127.0.0.1][JimmyLispy] RESTART SERVER

================================================================
======== txAdmin starting - 9/16/2021, 5:20:24 PM
================================================================
[17:30:08][127.0.0.1][JimmyLispy] restart wave
[17:32:40][127.0.0.1][JimmyLispy] restart wave
[17:40:38][127.0.0.1][JimmyLispy] stop wave
[17:47:24][127.0.0.1][JimmyLispy] refresh
[17:47:27][127.0.0.1][JimmyLispy] start hugeac
[17:48:27][127.0.0.1][JimmyLispy] restart hugeac
[17:48:49][127.0.0.1][JimmyLispy] start hugeac
[17:48:50][127.0.0.1][JimmyLispy] restart hugeac
[17:49:01][127.0.0.1][JimmyLispy] refresh
[17:49:04][127.0.0.1][JimmyLispy] restart hugeac
[17:52:01][127.0.0.1][JimmyLispy] refresh
[17:52:03][127.0.0.1][JimmyLispy] restart hugeac
[17:52:52][127.0.0.1][JimmyLispy] stop hugeac

================================================================
======== txAdmin starting - 9/16/2021, 7:30:32 PM
================================================================

================================================================
======== txAdmin starting - 9/16/2021, 10:09:52 PM
================================================================

================================================================
======== txAdmin starting - 9/16/2021, 10:28:50 PM
================================================================
[22:30:59][127.0.0.1][JimmyLispy] restart DiscordPresence
[22:31:06][127.0.0.1][JimmyLispy] restart RichPresence
[23:38:12][127.0.0.1][JimmyLispy] RESTART SERVER
[00:12:02][127.0.0.1][JimmyLispy] RESTART SERVER

================================================================
======== txAdmin starting - 9/17/2021, 12:13:20 AM
================================================================

================================================================
======== txAdmin starting - 9/17/2021, 12:26:16 AM
================================================================

================================================================
======== txAdmin starting - 9/17/2021, 12:28:42 AM
================================================================

================================================================
======== txAdmin starting - 9/17/2021, 12:58:06 AM
================================================================

================================================================
======== txAdmin starting - 9/17/2021, 2:22:34 AM
================================================================

================================================================
======== txAdmin starting - 9/17/2021, 2:36:06 PM
================================================================

================================================================
======== txAdmin starting - 9/17/2021, 3:15:17 PM
================================================================

================================================================
======== txAdmin starting - 9/17/2021, 3:18:39 PM
================================================================

================================================================
======== txAdmin starting - 9/17/2021, 4:07:18 PM
================================================================

================================================================
======== txAdmin starting - 9/17/2021, 5:34:49 PM
================================================================

================================================================
======== txAdmin starting - 9/17/2021, 5:37:35 PM
================================================================

================================================================
======== txAdmin starting - 9/17/2021, 5:41:30 PM
================================================================

================================================================
======== txAdmin starting - 9/17/2021, 5:58:25 PM
================================================================

================================================================
======== txAdmin starting - 9/17/2021, 5:59:12 PM
================================================================

================================================================
======== txAdmin starting - 9/17/2021, 9:11:40 PM
================================================================

================================================================
======== txAdmin starting - 9/18/2021, 7:51:09 PM
================================================================

================================================================
======== txAdmin starting - 9/18/2021, 8:00:12 PM
================================================================

================================================================
======== txAdmin starting - 9/18/2021, 9:54:29 PM
================================================================

================================================================
======== txAdmin starting - 9/18/2021, 10:42:24 PM
================================================================

================================================================
======== txAdmin starting - 9/18/2021, 11:14:01 PM
================================================================

================================================================
======== txAdmin starting - 9/19/2021, 11:53:32 AM
================================================================

================================================================
======== txAdmin starting - 9/19/2021, 12:07:34 PM
================================================================

================================================================
======== txAdmin starting - 9/19/2021, 12:34:35 PM
================================================================

================================================================
======== txAdmin starting - 9/19/2021, 12:46:41 PM
================================================================

================================================================
======== txAdmin starting - 9/19/2021, 1:01:53 PM
================================================================

================================================================
======== txAdmin starting - 9/19/2021, 1:11:27 PM
================================================================

================================================================
======== txAdmin starting - 9/19/2021, 1:40:01 PM
================================================================

================================================================
======== txAdmin starting - 9/19/2021, 2:20:13 PM
================================================================

================================================================
======== txAdmin starting - 9/19/2021, 2:28:37 PM
================================================================

================================================================
======== txAdmin starting - 9/19/2021, 2:33:45 PM
================================================================

================================================================
======== txAdmin starting - 9/19/2021, 3:50:57 PM
================================================================

================================================================
======== txAdmin starting - 9/19/2021, 5:04:03 PM
================================================================

================================================================
======== txAdmin starting - 9/19/2021, 8:01:46 PM
================================================================

================================================================
======== txAdmin starting - 9/19/2021, 8:06:32 PM
================================================================

================================================================
======== txAdmin starting - 9/19/2021, 8:12:56 PM
================================================================

================================================================
======== txAdmin starting - 9/19/2021, 8:26:35 PM
================================================================

================================================================
======== txAdmin starting - 9/19/2021, 8:35:49 PM
================================================================

================================================================
======== txAdmin starting - 9/20/2021, 3:45:39 PM
================================================================

================================================================
======== txAdmin starting - 9/20/2021, 4:55:42 PM
================================================================

================================================================
======== txAdmin starting - 9/21/2021, 3:03:33 PM
================================================================

================================================================
======== txAdmin starting - 9/21/2021, 5:50:12 PM
================================================================

================================================================
======== txAdmin starting - 9/21/2021, 5:53:40 PM
================================================================

================================================================
======== txAdmin starting - 9/22/2021, 5:55:11 PM
================================================================

================================================================
======== txAdmin starting - 9/22/2021, 7:44:49 PM
================================================================

================================================================
======== txAdmin starting - 9/22/2021, 8:09:07 PM
================================================================

================================================================
======== txAdmin starting - 9/22/2021, 9:07:14 PM
================================================================

================================================================
======== txAdmin starting - 9/22/2021, 9:09:49 PM
================================================================

================================================================
======== txAdmin starting - 9/22/2021, 11:07:54 PM
================================================================

================================================================
======== txAdmin starting - 9/22/2021, 11:24:27 PM
================================================================

================================================================
======== txAdmin starting - 9/22/2021, 11:25:06 PM
================================================================

================================================================
======== txAdmin starting - 9/24/2021, 6:33:14 PM
================================================================

================================================================
======== txAdmin starting - 9/24/2021, 10:42:53 PM
================================================================

================================================================
======== txAdmin starting - 9/24/2021, 10:44:07 PM
================================================================

================================================================
======== txAdmin starting - 9/24/2021, 10:45:12 PM
================================================================

================================================================
======== txAdmin starting - 9/24/2021, 10:55:51 PM
================================================================

================================================================
======== txAdmin starting - 9/25/2021, 6:10:58 PM
================================================================

================================================================
======== txAdmin starting - 9/25/2021, 6:15:37 PM
================================================================

================================================================
======== txAdmin starting - 9/26/2021, 7:33:04 PM
================================================================

================================================================
======== txAdmin starting - 9/26/2021, 7:49:54 PM
================================================================

================================================================
======== txAdmin starting - 9/26/2021, 8:53:48 PM
================================================================

================================================================
======== txAdmin starting - 9/26/2021, 10:01:49 PM
================================================================

================================================================
======== txAdmin starting - 9/26/2021, 10:53:32 PM
================================================================

================================================================
======== txAdmin starting - 9/26/2021, 11:51:07 PM
================================================================

================================================================
======== txAdmin starting - 9/27/2021, 6:30:50 PM
================================================================

================================================================
======== txAdmin starting - 9/27/2021, 7:17:17 PM
================================================================

================================================================
======== txAdmin starting - 9/27/2021, 8:44:12 PM
================================================================

================================================================
======== txAdmin starting - 9/27/2021, 8:48:09 PM
================================================================

================================================================
======== txAdmin starting - 9/27/2021, 8:49:54 PM
================================================================

================================================================
======== txAdmin starting - 9/27/2021, 8:54:20 PM
================================================================

================================================================
======== txAdmin starting - 9/27/2021, 8:55:51 PM
================================================================

================================================================
======== txAdmin starting - 9/27/2021, 10:07:24 PM
================================================================

================================================================
======== txAdmin starting - 9/27/2021, 10:07:33 PM
================================================================
